<?xml version="1.0" encoding="UTF-8"?>
<testsuite name="DataStructures.MinHeapTest" tests="4" skipped="0" failures="0" errors="0" timestamp="2021-05-16T13:37:36" hostname="pate-ThinkPad" time="0.002">
  <properties/>
  <testcase name="testAdd" classname="DataStructures.MinHeapTest" time="0.001"/>
  <testcase name="testPoll" classname="DataStructures.MinHeapTest" time="0.0"/>
  <testcase name="testPollMinDistanceFirst" classname="DataStructures.MinHeapTest" time="0.0"/>
  <testcase name="testIsEmpty" classname="DataStructures.MinHeapTest" time="0.0"/>
  <system-out><![CDATA[]]></system-out>
  <system-err><![CDATA[]]></system-err>
</testsuite>
