<?xml version="1.0" encoding="UTF-8"?>
<testsuite name="Algorithms.DijkstraTest" tests="2" skipped="0" failures="0" errors="0" timestamp="2021-05-16T13:37:35" hostname="pate-ThinkPad" time="0.626">
  <properties/>
  <testcase name="testPrintDistance" classname="Algorithms.DijkstraTest" time="0.402"/>
  <testcase name="testFindPath" classname="Algorithms.DijkstraTest" time="0.223"/>
  <system-out><![CDATA[]]></system-out>
  <system-err><![CDATA[]]></system-err>
</testsuite>
