<?xml version="1.0" encoding="UTF-8"?>
<testsuite name="Algorithms.JPSTest" tests="5" skipped="0" failures="0" errors="0" timestamp="2021-05-16T14:17:53" hostname="pate-ThinkPad" time="0.208">
  <properties/>
  <testcase name="testMovementDirection" classname="Algorithms.JPSTest" time="0.005"/>
  <testcase name="testFindPath" classname="Algorithms.JPSTest" time="0.097"/>
  <testcase name="testPruneNeighboursCountWithNoParent" classname="Algorithms.JPSTest" time="0.102"/>
  <testcase name="testDistanceToEnd" classname="Algorithms.JPSTest" time="0.001"/>
  <testcase name="testJumpDistance" classname="Algorithms.JPSTest" time="0.001"/>
  <system-out><![CDATA[]]></system-out>
  <system-err><![CDATA[]]></system-err>
</testsuite>
